[spring.application.name_IS_UNDEFINED-10.105.16.203-0000] 2022-02-18 09:40:19.831 ERROR 14750 [I/O dispatcher 1] [TID: N/A] [TestController.java:205] create snapshot repository failed

org.elasticsearch.ElasticsearchStatusException: Elasticsearch exception [type=repository_exception, reason=[snapshot_es_back_up] failed to create repository]
	at org.elasticsearch.rest.BytesRestResponse.errorFromXContent(BytesRestResponse.java:187) ~[elasticsearch-7.9.3.jar:7.9.3]
	at org.elasticsearch.client.RestHighLevelClient.parseEntity(RestHighLevelClient.java:1892) ~[elasticsearch-rest-high-level-client-7.9.3.jar:7.15.2]
	at org.elasticsearch.client.RestHighLevelClient.parseResponseException(RestHighLevelClient.java:1869) ~[elasticsearch-rest-high-level-client-7.9.3.jar:7.15.2]
	at org.elasticsearch.client.RestHighLevelClient$1.onFailure(RestHighLevelClient.java:1785) ~[elasticsearch-rest-high-level-client-7.9.3.jar:7.15.2]
	at org.elasticsearch.client.RestClient$FailureTrackingResponseListener.onDefinitiveFailure(RestClient.java:644) ~[elasticsearch-rest-client-7.15.2.jar:7.15.2]
	at org.elasticsearch.client.RestClient$1.completed(RestClient.java:386) ~[elasticsearch-rest-client-7.15.2.jar:7.15.2]
	at org.elasticsearch.client.RestClient$1.completed(RestClient.java:370) ~[elasticsearch-rest-client-7.15.2.jar:7.15.2]
	at org.apache.http.concurrent.BasicFuture.completed(BasicFuture.java:122) ~[httpcore-4.4.15.jar:4.4.15]
	at org.apache.http.impl.nio.client.DefaultClientExchangeHandlerImpl.responseCompleted(DefaultClientExchangeHandlerImpl.java:182) ~[httpasyncclient-4.1.5.jar:4.1.5]
	at org.apache.http.nio.protocol.HttpAsyncRequestExecutor.processResponse(HttpAsyncRequestExecutor.java:448) ~[httpcore-nio-4.4.15.jar:4.4.15]
	at org.apache.http.nio.protocol.HttpAsyncRequestExecutor.inputReady(HttpAsyncRequestExecutor.java:338) ~[httpcore-nio-4.4.15.jar:4.4.15]
	at org.apache.http.impl.nio.DefaultNHttpClientConnection.consumeInput(DefaultNHttpClientConnection.java:265) ~[httpcore-nio-4.4.15.jar:4.4.15]
	at org.apache.http.impl.nio.client.InternalIODispatch.onInputReady(InternalIODispatch.java:87) ~[httpasyncclient-4.1.5.jar:4.1.5]
	at org.apache.http.impl.nio.client.InternalIODispatch.onInputReady(InternalIODispatch.java:40) ~[httpasyncclient-4.1.5.jar:4.1.5]
	at org.apache.http.impl.nio.reactor.AbstractIODispatch.inputReady(AbstractIODispatch.java:114) ~[httpcore-nio-4.4.15.jar:4.4.15]
	at org.apache.http.impl.nio.reactor.BaseIOReactor.readable(BaseIOReactor.java:162) ~[httpcore-nio-4.4.15.jar:4.4.15]
	at org.apache.http.impl.nio.reactor.AbstractIOReactor.processEvent(AbstractIOReactor.java:337) ~[httpcore-nio-4.4.15.jar:4.4.15]
	at org.apache.http.impl.nio.reactor.AbstractIOReactor.processEvents(AbstractIOReactor.java:315) ~[httpcore-nio-4.4.15.jar:4.4.15]
	at org.apache.http.impl.nio.reactor.AbstractIOReactor.execute(AbstractIOReactor.java:276) ~[httpcore-nio-4.4.15.jar:4.4.15]
	at org.apache.http.impl.nio.reactor.BaseIOReactor.execute(BaseIOReactor.java:104) ~[httpcore-nio-4.4.15.jar:4.4.15]
	at org.apache.http.impl.nio.reactor.AbstractMultiworkerIOReactor$Worker.run(AbstractMultiworkerIOReactor.java:591) ~[httpcore-nio-4.4.15.jar:4.4.15]
	at java.base/java.lang.Thread.run(Thread.java:833) ~[na:na]
	Suppressed: org.elasticsearch.client.ResponseException: method [PUT], host [http://172.16.90.231:9200], URI [/_snapshot/snapshot_es_back_up?master_timeout=30s&timeout=30s], status line [HTTP/1.1 500 Internal Server Error]
{"error":{"root_cause":[{"type":"repository_exception","reason":"[snapshot_es_back_up] location [.] doesn't match any of the locations specified by path.repo because this setting is empty"}],"type":"repository_exception","reason":"[snapshot_es_back_up] failed to create repository","caused_by":{"type":"repository_exception","reason":"[snapshot_es_back_up] location [.] doesn't match any of the locations specified by path.repo because this setting is empty"}},"status":500}
		at org.elasticsearch.client.RestClient.convertResponse(RestClient.java:326) ~[elasticsearch-rest-client-7.15.2.jar:7.15.2]
		at org.elasticsearch.client.RestClient.access$1800(RestClient.java:105) ~[elasticsearch-rest-client-7.15.2.jar:7.15.2]
		at org.elasticsearch.client.RestClient$1.completed(RestClient.java:374) ~[elasticsearch-rest-client-7.15.2.jar:7.15.2]
		... 16 common frames omitted
Caused by: org.elasticsearch.ElasticsearchException: Elasticsearch exception [type=repository_exception, reason=[snapshot_es_back_up] location [.] doesn't match any of the locations specified by path.repo because this setting is empty]
	at org.elasticsearch.ElasticsearchException.innerFromXContent(ElasticsearchException.java:496) ~[elasticsearch-7.9.3.jar:7.9.3]
	at org.elasticsearch.ElasticsearchException.fromXContent(ElasticsearchException.java:407) ~[elasticsearch-7.9.3.jar:7.9.3]
	at org.elasticsearch.ElasticsearchException.innerFromXContent(ElasticsearchException.java:437) ~[elasticsearch-7.9.3.jar:7.9.3]
	at org.elasticsearch.ElasticsearchException.failureFromXContent(ElasticsearchException.java:603) ~[elasticsearch-7.9.3.jar:7.9.3]
	at org.elasticsearch.rest.BytesRestResponse.errorFromXContent(BytesRestResponse.java:179) ~[elasticsearch-7.9.3.jar:7.9.3]
	... 21 common frames omitted

[spring.application.name_IS_UNDEFINED-10.105.16.203-0000] 2022-02-18 09:55:53.485 ERROR 21514 [I/O dispatcher 1] [TID: N/A] [TestController.java:205] create snapshot repository failed

org.elasticsearch.ElasticsearchStatusException: Elasticsearch exception [type=repository_exception, reason=[snapshot_es_back_up] failed to create repository]
	at org.elasticsearch.rest.BytesRestResponse.errorFromXContent(BytesRestResponse.java:187) ~[elasticsearch-7.9.3.jar:7.9.3]
	at org.elasticsearch.client.RestHighLevelClient.parseEntity(RestHighLevelClient.java:1892) ~[elasticsearch-rest-high-level-client-7.9.3.jar:7.15.2]
	at org.elasticsearch.client.RestHighLevelClient.parseResponseException(RestHighLevelClient.java:1869) ~[elasticsearch-rest-high-level-client-7.9.3.jar:7.15.2]
	at org.elasticsearch.client.RestHighLevelClient$1.onFailure(RestHighLevelClient.java:1785) ~[elasticsearch-rest-high-level-client-7.9.3.jar:7.15.2]
	at org.elasticsearch.client.RestClient$FailureTrackingResponseListener.onDefinitiveFailure(RestClient.java:644) ~[elasticsearch-rest-client-7.15.2.jar:7.15.2]
	at org.elasticsearch.client.RestClient$1.completed(RestClient.java:386) ~[elasticsearch-rest-client-7.15.2.jar:7.15.2]
	at org.elasticsearch.client.RestClient$1.completed(RestClient.java:370) ~[elasticsearch-rest-client-7.15.2.jar:7.15.2]
	at org.apache.http.concurrent.BasicFuture.completed(BasicFuture.java:122) ~[httpcore-4.4.15.jar:4.4.15]
	at org.apache.http.impl.nio.client.DefaultClientExchangeHandlerImpl.responseCompleted(DefaultClientExchangeHandlerImpl.java:182) ~[httpasyncclient-4.1.5.jar:4.1.5]
	at org.apache.http.nio.protocol.HttpAsyncRequestExecutor.processResponse(HttpAsyncRequestExecutor.java:448) ~[httpcore-nio-4.4.15.jar:4.4.15]
	at org.apache.http.nio.protocol.HttpAsyncRequestExecutor.inputReady(HttpAsyncRequestExecutor.java:338) ~[httpcore-nio-4.4.15.jar:4.4.15]
	at org.apache.http.impl.nio.DefaultNHttpClientConnection.consumeInput(DefaultNHttpClientConnection.java:265) ~[httpcore-nio-4.4.15.jar:4.4.15]
	at org.apache.http.impl.nio.client.InternalIODispatch.onInputReady(InternalIODispatch.java:87) ~[httpasyncclient-4.1.5.jar:4.1.5]
	at org.apache.http.impl.nio.client.InternalIODispatch.onInputReady(InternalIODispatch.java:40) ~[httpasyncclient-4.1.5.jar:4.1.5]
	at org.apache.http.impl.nio.reactor.AbstractIODispatch.inputReady(AbstractIODispatch.java:114) ~[httpcore-nio-4.4.15.jar:4.4.15]
	at org.apache.http.impl.nio.reactor.BaseIOReactor.readable(BaseIOReactor.java:162) ~[httpcore-nio-4.4.15.jar:4.4.15]
	at org.apache.http.impl.nio.reactor.AbstractIOReactor.processEvent(AbstractIOReactor.java:337) ~[httpcore-nio-4.4.15.jar:4.4.15]
	at org.apache.http.impl.nio.reactor.AbstractIOReactor.processEvents(AbstractIOReactor.java:315) ~[httpcore-nio-4.4.15.jar:4.4.15]
	at org.apache.http.impl.nio.reactor.AbstractIOReactor.execute(AbstractIOReactor.java:276) ~[httpcore-nio-4.4.15.jar:4.4.15]
	at org.apache.http.impl.nio.reactor.BaseIOReactor.execute(BaseIOReactor.java:104) ~[httpcore-nio-4.4.15.jar:4.4.15]
	at org.apache.http.impl.nio.reactor.AbstractMultiworkerIOReactor$Worker.run(AbstractMultiworkerIOReactor.java:591) ~[httpcore-nio-4.4.15.jar:4.4.15]
	at java.base/java.lang.Thread.run(Thread.java:833) ~[na:na]
	Suppressed: org.elasticsearch.client.ResponseException: method [PUT], host [http://172.16.90.231:9200], URI [/_snapshot/snapshot_es_back_up?master_timeout=30s&timeout=30s], status line [HTTP/1.1 500 Internal Server Error]
{"error":{"root_cause":[{"type":"repository_exception","reason":"[snapshot_es_back_up] location [/backup/es_backup] doesn't match any of the locations specified by path.repo because this setting is empty"}],"type":"repository_exception","reason":"[snapshot_es_back_up] failed to create repository","caused_by":{"type":"repository_exception","reason":"[snapshot_es_back_up] location [/backup/es_backup] doesn't match any of the locations specified by path.repo because this setting is empty"}},"status":500}
		at org.elasticsearch.client.RestClient.convertResponse(RestClient.java:326) ~[elasticsearch-rest-client-7.15.2.jar:7.15.2]
		at org.elasticsearch.client.RestClient.access$1800(RestClient.java:105) ~[elasticsearch-rest-client-7.15.2.jar:7.15.2]
		at org.elasticsearch.client.RestClient$1.completed(RestClient.java:374) ~[elasticsearch-rest-client-7.15.2.jar:7.15.2]
		... 16 common frames omitted
Caused by: org.elasticsearch.ElasticsearchException: Elasticsearch exception [type=repository_exception, reason=[snapshot_es_back_up] location [/backup/es_backup] doesn't match any of the locations specified by path.repo because this setting is empty]
	at org.elasticsearch.ElasticsearchException.innerFromXContent(ElasticsearchException.java:496) ~[elasticsearch-7.9.3.jar:7.9.3]
	at org.elasticsearch.ElasticsearchException.fromXContent(ElasticsearchException.java:407) ~[elasticsearch-7.9.3.jar:7.9.3]
	at org.elasticsearch.ElasticsearchException.innerFromXContent(ElasticsearchException.java:437) ~[elasticsearch-7.9.3.jar:7.9.3]
	at org.elasticsearch.ElasticsearchException.failureFromXContent(ElasticsearchException.java:603) ~[elasticsearch-7.9.3.jar:7.9.3]
	at org.elasticsearch.rest.BytesRestResponse.errorFromXContent(BytesRestResponse.java:179) ~[elasticsearch-7.9.3.jar:7.9.3]
	... 21 common frames omitted

[spring.application.name_IS_UNDEFINED-10.105.16.203-0000] 2022-02-18 10:03:30.666 ERROR 24549 [I/O dispatcher 1] [TID: N/A] [TestController.java:205] create snapshot repository failed

org.elasticsearch.ElasticsearchStatusException: Elasticsearch exception [type=repository_verification_exception, reason=[snapshot_es_back_up] path  is not accessible on master node]
	at org.elasticsearch.rest.BytesRestResponse.errorFromXContent(BytesRestResponse.java:187) ~[elasticsearch-7.9.3.jar:7.9.3]
	at org.elasticsearch.client.RestHighLevelClient.parseEntity(RestHighLevelClient.java:1892) ~[elasticsearch-rest-high-level-client-7.9.3.jar:7.15.2]
	at org.elasticsearch.client.RestHighLevelClient.parseResponseException(RestHighLevelClient.java:1869) ~[elasticsearch-rest-high-level-client-7.9.3.jar:7.15.2]
	at org.elasticsearch.client.RestHighLevelClient$1.onFailure(RestHighLevelClient.java:1785) ~[elasticsearch-rest-high-level-client-7.9.3.jar:7.15.2]
	at org.elasticsearch.client.RestClient$FailureTrackingResponseListener.onDefinitiveFailure(RestClient.java:644) ~[elasticsearch-rest-client-7.15.2.jar:7.15.2]
	at org.elasticsearch.client.RestClient$1.completed(RestClient.java:386) ~[elasticsearch-rest-client-7.15.2.jar:7.15.2]
	at org.elasticsearch.client.RestClient$1.completed(RestClient.java:370) ~[elasticsearch-rest-client-7.15.2.jar:7.15.2]
	at org.apache.http.concurrent.BasicFuture.completed(BasicFuture.java:122) ~[httpcore-4.4.15.jar:4.4.15]
	at org.apache.http.impl.nio.client.DefaultClientExchangeHandlerImpl.responseCompleted(DefaultClientExchangeHandlerImpl.java:182) ~[httpasyncclient-4.1.5.jar:4.1.5]
	at org.apache.http.nio.protocol.HttpAsyncRequestExecutor.processResponse(HttpAsyncRequestExecutor.java:448) ~[httpcore-nio-4.4.15.jar:4.4.15]
	at org.apache.http.nio.protocol.HttpAsyncRequestExecutor.inputReady(HttpAsyncRequestExecutor.java:338) ~[httpcore-nio-4.4.15.jar:4.4.15]
	at org.apache.http.impl.nio.DefaultNHttpClientConnection.consumeInput(DefaultNHttpClientConnection.java:265) ~[httpcore-nio-4.4.15.jar:4.4.15]
	at org.apache.http.impl.nio.client.InternalIODispatch.onInputReady(InternalIODispatch.java:87) ~[httpasyncclient-4.1.5.jar:4.1.5]
	at org.apache.http.impl.nio.client.InternalIODispatch.onInputReady(InternalIODispatch.java:40) ~[httpasyncclient-4.1.5.jar:4.1.5]
	at org.apache.http.impl.nio.reactor.AbstractIODispatch.inputReady(AbstractIODispatch.java:114) ~[httpcore-nio-4.4.15.jar:4.4.15]
	at org.apache.http.impl.nio.reactor.BaseIOReactor.readable(BaseIOReactor.java:162) ~[httpcore-nio-4.4.15.jar:4.4.15]
	at org.apache.http.impl.nio.reactor.AbstractIOReactor.processEvent(AbstractIOReactor.java:337) ~[httpcore-nio-4.4.15.jar:4.4.15]
	at org.apache.http.impl.nio.reactor.AbstractIOReactor.processEvents(AbstractIOReactor.java:315) ~[httpcore-nio-4.4.15.jar:4.4.15]
	at org.apache.http.impl.nio.reactor.AbstractIOReactor.execute(AbstractIOReactor.java:276) ~[httpcore-nio-4.4.15.jar:4.4.15]
	at org.apache.http.impl.nio.reactor.BaseIOReactor.execute(BaseIOReactor.java:104) ~[httpcore-nio-4.4.15.jar:4.4.15]
	at org.apache.http.impl.nio.reactor.AbstractMultiworkerIOReactor$Worker.run(AbstractMultiworkerIOReactor.java:591) ~[httpcore-nio-4.4.15.jar:4.4.15]
	at java.base/java.lang.Thread.run(Thread.java:833) ~[na:na]
	Suppressed: org.elasticsearch.client.ResponseException: method [PUT], host [http://172.16.90.231:9200], URI [/_snapshot/snapshot_es_back_up?master_timeout=30s&timeout=30s], status line [HTTP/1.1 500 Internal Server Error]
{"error":{"root_cause":[{"type":"exception","reason":"failed to create blob container"}],"type":"repository_verification_exception","reason":"[snapshot_es_back_up] path  is not accessible on master node","caused_by":{"type":"exception","reason":"failed to create blob container","caused_by":{"type":"access_denied_exception","reason":"/backup/es_backup/tests-EkWywiJYSBO7iHz61-iSzw"}}},"status":500}
		at org.elasticsearch.client.RestClient.convertResponse(RestClient.java:326) ~[elasticsearch-rest-client-7.15.2.jar:7.15.2]
		at org.elasticsearch.client.RestClient.access$1800(RestClient.java:105) ~[elasticsearch-rest-client-7.15.2.jar:7.15.2]
		at org.elasticsearch.client.RestClient$1.completed(RestClient.java:374) ~[elasticsearch-rest-client-7.15.2.jar:7.15.2]
		... 16 common frames omitted
Caused by: org.elasticsearch.ElasticsearchException: Elasticsearch exception [type=exception, reason=failed to create blob container]
	at org.elasticsearch.ElasticsearchException.innerFromXContent(ElasticsearchException.java:496) ~[elasticsearch-7.9.3.jar:7.9.3]
	at org.elasticsearch.ElasticsearchException.fromXContent(ElasticsearchException.java:407) ~[elasticsearch-7.9.3.jar:7.9.3]
	at org.elasticsearch.ElasticsearchException.innerFromXContent(ElasticsearchException.java:437) ~[elasticsearch-7.9.3.jar:7.9.3]
	at org.elasticsearch.ElasticsearchException.failureFromXContent(ElasticsearchException.java:603) ~[elasticsearch-7.9.3.jar:7.9.3]
	at org.elasticsearch.rest.BytesRestResponse.errorFromXContent(BytesRestResponse.java:179) ~[elasticsearch-7.9.3.jar:7.9.3]
	... 21 common frames omitted
Caused by: org.elasticsearch.ElasticsearchException: Elasticsearch exception [type=access_denied_exception, reason=/backup/es_backup/tests-EkWywiJYSBO7iHz61-iSzw]
	at org.elasticsearch.ElasticsearchException.innerFromXContent(ElasticsearchException.java:496) ~[elasticsearch-7.9.3.jar:7.9.3]
	at org.elasticsearch.ElasticsearchException.fromXContent(ElasticsearchException.java:407) ~[elasticsearch-7.9.3.jar:7.9.3]
	at org.elasticsearch.ElasticsearchException.innerFromXContent(ElasticsearchException.java:437) ~[elasticsearch-7.9.3.jar:7.9.3]
	... 25 common frames omitted

[spring.application.name_IS_UNDEFINED-10.105.16.203-0000] 2022-02-18 13:57:48.492 ERROR 77268 [http-nio-8080-exec-2] [TID: N/A] [TestController.java:298] create snapshot failed

java.net.ConnectException: Connection refused
	at org.elasticsearch.client.RestClient.extractAndWrapCause(RestClient.java:881) ~[elasticsearch-rest-client-7.15.2.jar:7.15.2]
	at org.elasticsearch.client.RestClient.performRequest(RestClient.java:283) ~[elasticsearch-rest-client-7.15.2.jar:7.15.2]
	at org.elasticsearch.client.RestClient.performRequest(RestClient.java:270) ~[elasticsearch-rest-client-7.15.2.jar:7.15.2]
	at org.elasticsearch.client.RestHighLevelClient.internalPerformRequest(RestHighLevelClient.java:1613) ~[elasticsearch-rest-high-level-client-7.9.3.jar:7.15.2]
	at org.elasticsearch.client.RestHighLevelClient.performRequest(RestHighLevelClient.java:1583) ~[elasticsearch-rest-high-level-client-7.9.3.jar:7.15.2]
	at org.elasticsearch.client.RestHighLevelClient.performRequestAndParseEntity(RestHighLevelClient.java:1553) ~[elasticsearch-rest-high-level-client-7.9.3.jar:7.15.2]
	at org.elasticsearch.client.SnapshotClient.create(SnapshotClient.java:221) ~[elasticsearch-rest-high-level-client-7.9.3.jar:7.15.2]
	at com.search.admin.adapter.controller.TestController.createIndexSnapshot(TestController.java:261) ~[classes/:na]
	at com.search.admin.adapter.controller.TestController$$FastClassBySpringCGLIB$$19092b89.invoke(<generated>) ~[classes/:na]
	at org.springframework.cglib.proxy.MethodProxy.invoke(MethodProxy.java:218) ~[spring-core-5.3.15.jar:5.3.15]
	at org.springframework.aop.framework.CglibAopProxy$CglibMethodInvocation.invokeJoinpoint(CglibAopProxy.java:783) ~[spring-aop-5.3.15.jar:5.3.15]
	at org.springframework.aop.framework.ReflectiveMethodInvocation.proceed(ReflectiveMethodInvocation.java:163) ~[spring-aop-5.3.15.jar:5.3.15]
	at org.springframework.aop.framework.CglibAopProxy$CglibMethodInvocation.proceed(CglibAopProxy.java:753) ~[spring-aop-5.3.15.jar:5.3.15]
	at org.springframework.aop.framework.adapter.MethodBeforeAdviceInterceptor.invoke(MethodBeforeAdviceInterceptor.java:58) ~[spring-aop-5.3.15.jar:5.3.15]
	at org.springframework.aop.framework.ReflectiveMethodInvocation.proceed(ReflectiveMethodInvocation.java:186) ~[spring-aop-5.3.15.jar:5.3.15]
	at org.springframework.aop.framework.CglibAopProxy$CglibMethodInvocation.proceed(CglibAopProxy.java:753) ~[spring-aop-5.3.15.jar:5.3.15]
	at org.springframework.aop.interceptor.ExposeInvocationInterceptor.invoke(ExposeInvocationInterceptor.java:97) ~[spring-aop-5.3.15.jar:5.3.15]
	at org.springframework.aop.framework.ReflectiveMethodInvocation.proceed(ReflectiveMethodInvocation.java:186) ~[spring-aop-5.3.15.jar:5.3.15]
	at org.springframework.aop.framework.CglibAopProxy$CglibMethodInvocation.proceed(CglibAopProxy.java:753) ~[spring-aop-5.3.15.jar:5.3.15]
	at org.springframework.aop.framework.CglibAopProxy$DynamicAdvisedInterceptor.intercept(CglibAopProxy.java:698) ~[spring-aop-5.3.15.jar:5.3.15]
	at com.search.admin.adapter.controller.TestController$$EnhancerBySpringCGLIB$$a1e9f5a.createIndexSnapshot(<generated>) ~[classes/:na]
	at java.base/jdk.internal.reflect.NativeMethodAccessorImpl.invoke0(Native Method) ~[na:na]
	at java.base/jdk.internal.reflect.NativeMethodAccessorImpl.invoke(NativeMethodAccessorImpl.java:77) ~[na:na]
	at java.base/jdk.internal.reflect.DelegatingMethodAccessorImpl.invoke(DelegatingMethodAccessorImpl.java:43) ~[na:na]
	at java.base/java.lang.reflect.Method.invoke(Method.java:568) ~[na:na]
	at org.springframework.web.method.support.InvocableHandlerMethod.doInvoke(InvocableHandlerMethod.java:205) ~[spring-web-5.3.15.jar:5.3.15]
	at org.springframework.web.method.support.InvocableHandlerMethod.invokeForRequest(InvocableHandlerMethod.java:150) ~[spring-web-5.3.15.jar:5.3.15]
	at org.springframework.web.servlet.mvc.method.annotation.ServletInvocableHandlerMethod.invokeAndHandle(ServletInvocableHandlerMethod.java:117) ~[spring-webmvc-5.3.15.jar:5.3.15]
	at org.springframework.web.servlet.mvc.method.annotation.RequestMappingHandlerAdapter.invokeHandlerMethod(RequestMappingHandlerAdapter.java:895) ~[spring-webmvc-5.3.15.jar:5.3.15]
	at org.springframework.web.servlet.mvc.method.annotation.RequestMappingHandlerAdapter.handleInternal(RequestMappingHandlerAdapter.java:808) ~[spring-webmvc-5.3.15.jar:5.3.15]
	at org.springframework.web.servlet.mvc.method.AbstractHandlerMethodAdapter.handle(AbstractHandlerMethodAdapter.java:87) ~[spring-webmvc-5.3.15.jar:5.3.15]
	at org.springframework.web.servlet.DispatcherServlet.doDispatch(DispatcherServlet.java:1067) ~[spring-webmvc-5.3.15.jar:5.3.15]
	at org.springframework.web.servlet.DispatcherServlet.doService(DispatcherServlet.java:963) ~[spring-webmvc-5.3.15.jar:5.3.15]
	at org.springframework.web.servlet.FrameworkServlet.processRequest(FrameworkServlet.java:1006) ~[spring-webmvc-5.3.15.jar:5.3.15]
	at org.springframework.web.servlet.FrameworkServlet.doGet(FrameworkServlet.java:898) ~[spring-webmvc-5.3.15.jar:5.3.15]
	at javax.servlet.http.HttpServlet.service(HttpServlet.java:655) ~[tomcat-embed-core-9.0.56.jar:4.0.FR]
	at org.springframework.web.servlet.FrameworkServlet.service(FrameworkServlet.java:883) ~[spring-webmvc-5.3.15.jar:5.3.15]
	at javax.servlet.http.HttpServlet.service(HttpServlet.java:764) ~[tomcat-embed-core-9.0.56.jar:4.0.FR]
	at org.apache.catalina.core.ApplicationFilterChain.internalDoFilter(ApplicationFilterChain.java:227) ~[tomcat-embed-core-9.0.56.jar:9.0.56]
	at org.apache.catalina.core.ApplicationFilterChain.doFilter(ApplicationFilterChain.java:162) ~[tomcat-embed-core-9.0.56.jar:9.0.56]
	at org.apache.tomcat.websocket.server.WsFilter.doFilter(WsFilter.java:53) ~[tomcat-embed-websocket-9.0.56.jar:9.0.56]
	at org.apache.catalina.core.ApplicationFilterChain.internalDoFilter(ApplicationFilterChain.java:189) ~[tomcat-embed-core-9.0.56.jar:9.0.56]
	at org.apache.catalina.core.ApplicationFilterChain.doFilter(ApplicationFilterChain.java:162) ~[tomcat-embed-core-9.0.56.jar:9.0.56]
	at org.springframework.web.filter.RequestContextFilter.doFilterInternal(RequestContextFilter.java:100) ~[spring-web-5.3.15.jar:5.3.15]
	at org.springframework.web.filter.OncePerRequestFilter.doFilter(OncePerRequestFilter.java:117) ~[spring-web-5.3.15.jar:5.3.15]
	at org.apache.catalina.core.ApplicationFilterChain.internalDoFilter(ApplicationFilterChain.java:189) ~[tomcat-embed-core-9.0.56.jar:9.0.56]
	at org.apache.catalina.core.ApplicationFilterChain.doFilter(ApplicationFilterChain.java:162) ~[tomcat-embed-core-9.0.56.jar:9.0.56]
	at org.springframework.web.filter.FormContentFilter.doFilterInternal(FormContentFilter.java:93) ~[spring-web-5.3.15.jar:5.3.15]
	at org.springframework.web.filter.OncePerRequestFilter.doFilter(OncePerRequestFilter.java:117) ~[spring-web-5.3.15.jar:5.3.15]
	at org.apache.catalina.core.ApplicationFilterChain.internalDoFilter(ApplicationFilterChain.java:189) ~[tomcat-embed-core-9.0.56.jar:9.0.56]
	at org.apache.catalina.core.ApplicationFilterChain.doFilter(ApplicationFilterChain.java:162) ~[tomcat-embed-core-9.0.56.jar:9.0.56]
	at org.springframework.boot.actuate.metrics.web.servlet.WebMvcMetricsFilter.doFilterInternal(WebMvcMetricsFilter.java:96) ~[spring-boot-actuator-2.6.3.jar:2.6.3]
	at org.springframework.web.filter.OncePerRequestFilter.doFilter(OncePerRequestFilter.java:117) ~[spring-web-5.3.15.jar:5.3.15]
	at org.apache.catalina.core.ApplicationFilterChain.internalDoFilter(ApplicationFilterChain.java:189) ~[tomcat-embed-core-9.0.56.jar:9.0.56]
	at org.apache.catalina.core.ApplicationFilterChain.doFilter(ApplicationFilterChain.java:162) ~[tomcat-embed-core-9.0.56.jar:9.0.56]
	at org.springframework.web.filter.CharacterEncodingFilter.doFilterInternal(CharacterEncodingFilter.java:201) ~[spring-web-5.3.15.jar:5.3.15]
	at org.springframework.web.filter.OncePerRequestFilter.doFilter(OncePerRequestFilter.java:117) ~[spring-web-5.3.15.jar:5.3.15]
	at org.apache.catalina.core.ApplicationFilterChain.internalDoFilter(ApplicationFilterChain.java:189) ~[tomcat-embed-core-9.0.56.jar:9.0.56]
	at org.apache.catalina.core.ApplicationFilterChain.doFilter(ApplicationFilterChain.java:162) ~[tomcat-embed-core-9.0.56.jar:9.0.56]
	at org.apache.catalina.core.StandardWrapperValve.invoke(StandardWrapperValve.java:197) ~[tomcat-embed-core-9.0.56.jar:9.0.56]
	at org.apache.catalina.core.StandardContextValve.invoke(StandardContextValve.java:97) ~[tomcat-embed-core-9.0.56.jar:9.0.56]
	at org.apache.catalina.authenticator.AuthenticatorBase.invoke(AuthenticatorBase.java:540) ~[tomcat-embed-core-9.0.56.jar:9.0.56]
	at org.apache.catalina.core.StandardHostValve.invoke(StandardHostValve.java:135) ~[tomcat-embed-core-9.0.56.jar:9.0.56]
	at org.apache.catalina.valves.ErrorReportValve.invoke(ErrorReportValve.java:92) ~[tomcat-embed-core-9.0.56.jar:9.0.56]
	at org.apache.catalina.core.StandardEngineValve.invoke(StandardEngineValve.java:78) ~[tomcat-embed-core-9.0.56.jar:9.0.56]
	at org.apache.catalina.connector.CoyoteAdapter.service(CoyoteAdapter.java:357) ~[tomcat-embed-core-9.0.56.jar:9.0.56]
	at org.apache.coyote.http11.Http11Processor.service(Http11Processor.java:382) ~[tomcat-embed-core-9.0.56.jar:9.0.56]
	at org.apache.coyote.AbstractProcessorLight.process(AbstractProcessorLight.java:65) ~[tomcat-embed-core-9.0.56.jar:9.0.56]
	at org.apache.coyote.AbstractProtocol$ConnectionHandler.process(AbstractProtocol.java:895) ~[tomcat-embed-core-9.0.56.jar:9.0.56]
	at org.apache.tomcat.util.net.NioEndpoint$SocketProcessor.doRun(NioEndpoint.java:1732) ~[tomcat-embed-core-9.0.56.jar:9.0.56]
	at org.apache.tomcat.util.net.SocketProcessorBase.run(SocketProcessorBase.java:49) ~[tomcat-embed-core-9.0.56.jar:9.0.56]
	at org.apache.tomcat.util.threads.ThreadPoolExecutor.runWorker(ThreadPoolExecutor.java:1191) ~[tomcat-embed-core-9.0.56.jar:9.0.56]
	at org.apache.tomcat.util.threads.ThreadPoolExecutor$Worker.run(ThreadPoolExecutor.java:659) ~[tomcat-embed-core-9.0.56.jar:9.0.56]
	at org.apache.tomcat.util.threads.TaskThread$WrappingRunnable.run(TaskThread.java:61) ~[tomcat-embed-core-9.0.56.jar:9.0.56]
	at java.base/java.lang.Thread.run(Thread.java:833) ~[na:na]
Caused by: java.net.ConnectException: Connection refused
	at java.base/sun.nio.ch.Net.pollConnect(Native Method) ~[na:na]
	at java.base/sun.nio.ch.Net.pollConnectNow(Net.java:672) ~[na:na]
	at java.base/sun.nio.ch.SocketChannelImpl.finishConnect(SocketChannelImpl.java:946) ~[na:na]
	at org.apache.http.impl.nio.reactor.DefaultConnectingIOReactor.processEvent(DefaultConnectingIOReactor.java:174) ~[httpcore-nio-4.4.15.jar:4.4.15]
	at org.apache.http.impl.nio.reactor.DefaultConnectingIOReactor.processEvents(DefaultConnectingIOReactor.java:148) ~[httpcore-nio-4.4.15.jar:4.4.15]
	at org.apache.http.impl.nio.reactor.AbstractMultiworkerIOReactor.execute(AbstractMultiworkerIOReactor.java:351) ~[httpcore-nio-4.4.15.jar:4.4.15]
	at org.apache.http.impl.nio.conn.PoolingNHttpClientConnectionManager.execute(PoolingNHttpClientConnectionManager.java:221) ~[httpasyncclient-4.1.5.jar:4.1.5]
	at org.apache.http.impl.nio.client.CloseableHttpAsyncClientBase$1.run(CloseableHttpAsyncClientBase.java:64) ~[httpasyncclient-4.1.5.jar:4.1.5]
	... 1 common frames omitted

[spring.application.name_IS_UNDEFINED-10.105.16.203-0000] 2022-02-18 13:59:12.329 ERROR 77268 [http-nio-8080-exec-5] [TID: N/A] [TestController.java:298] create snapshot failed

java.net.ConnectException: Connection refused
	at org.elasticsearch.client.RestClient.extractAndWrapCause(RestClient.java:881) ~[elasticsearch-rest-client-7.15.2.jar:7.15.2]
	at org.elasticsearch.client.RestClient.performRequest(RestClient.java:283) ~[elasticsearch-rest-client-7.15.2.jar:7.15.2]
	at org.elasticsearch.client.RestClient.performRequest(RestClient.java:270) ~[elasticsearch-rest-client-7.15.2.jar:7.15.2]
	at org.elasticsearch.client.RestHighLevelClient.internalPerformRequest(RestHighLevelClient.java:1613) ~[elasticsearch-rest-high-level-client-7.9.3.jar:7.15.2]
	at org.elasticsearch.client.RestHighLevelClient.performRequest(RestHighLevelClient.java:1583) ~[elasticsearch-rest-high-level-client-7.9.3.jar:7.15.2]
	at org.elasticsearch.client.RestHighLevelClient.performRequestAndParseEntity(RestHighLevelClient.java:1553) ~[elasticsearch-rest-high-level-client-7.9.3.jar:7.15.2]
	at org.elasticsearch.client.SnapshotClient.create(SnapshotClient.java:221) ~[elasticsearch-rest-high-level-client-7.9.3.jar:7.15.2]
	at com.search.admin.adapter.controller.TestController.createIndexSnapshot(TestController.java:261) ~[classes/:na]
	at com.search.admin.adapter.controller.TestController$$FastClassBySpringCGLIB$$19092b89.invoke(<generated>) ~[classes/:na]
	at org.springframework.cglib.proxy.MethodProxy.invoke(MethodProxy.java:218) ~[spring-core-5.3.15.jar:5.3.15]
	at org.springframework.aop.framework.CglibAopProxy$CglibMethodInvocation.invokeJoinpoint(CglibAopProxy.java:783) ~[spring-aop-5.3.15.jar:5.3.15]
	at org.springframework.aop.framework.ReflectiveMethodInvocation.proceed(ReflectiveMethodInvocation.java:163) ~[spring-aop-5.3.15.jar:5.3.15]
	at org.springframework.aop.framework.CglibAopProxy$CglibMethodInvocation.proceed(CglibAopProxy.java:753) ~[spring-aop-5.3.15.jar:5.3.15]
	at org.springframework.aop.framework.adapter.MethodBeforeAdviceInterceptor.invoke(MethodBeforeAdviceInterceptor.java:58) ~[spring-aop-5.3.15.jar:5.3.15]
	at org.springframework.aop.framework.ReflectiveMethodInvocation.proceed(ReflectiveMethodInvocation.java:186) ~[spring-aop-5.3.15.jar:5.3.15]
	at org.springframework.aop.framework.CglibAopProxy$CglibMethodInvocation.proceed(CglibAopProxy.java:753) ~[spring-aop-5.3.15.jar:5.3.15]
	at org.springframework.aop.interceptor.ExposeInvocationInterceptor.invoke(ExposeInvocationInterceptor.java:97) ~[spring-aop-5.3.15.jar:5.3.15]
	at org.springframework.aop.framework.ReflectiveMethodInvocation.proceed(ReflectiveMethodInvocation.java:186) ~[spring-aop-5.3.15.jar:5.3.15]
	at org.springframework.aop.framework.CglibAopProxy$CglibMethodInvocation.proceed(CglibAopProxy.java:753) ~[spring-aop-5.3.15.jar:5.3.15]
	at org.springframework.aop.framework.CglibAopProxy$DynamicAdvisedInterceptor.intercept(CglibAopProxy.java:698) ~[spring-aop-5.3.15.jar:5.3.15]
	at com.search.admin.adapter.controller.TestController$$EnhancerBySpringCGLIB$$a1e9f5a.createIndexSnapshot(<generated>) ~[classes/:na]
	at java.base/jdk.internal.reflect.NativeMethodAccessorImpl.invoke0(Native Method) ~[na:na]
	at java.base/jdk.internal.reflect.NativeMethodAccessorImpl.invoke(NativeMethodAccessorImpl.java:77) ~[na:na]
	at java.base/jdk.internal.reflect.DelegatingMethodAccessorImpl.invoke(DelegatingMethodAccessorImpl.java:43) ~[na:na]
	at java.base/java.lang.reflect.Method.invoke(Method.java:568) ~[na:na]
	at org.springframework.web.method.support.InvocableHandlerMethod.doInvoke(InvocableHandlerMethod.java:205) ~[spring-web-5.3.15.jar:5.3.15]
	at org.springframework.web.method.support.InvocableHandlerMethod.invokeForRequest(InvocableHandlerMethod.java:150) ~[spring-web-5.3.15.jar:5.3.15]
	at org.springframework.web.servlet.mvc.method.annotation.ServletInvocableHandlerMethod.invokeAndHandle(ServletInvocableHandlerMethod.java:117) ~[spring-webmvc-5.3.15.jar:5.3.15]
	at org.springframework.web.servlet.mvc.method.annotation.RequestMappingHandlerAdapter.invokeHandlerMethod(RequestMappingHandlerAdapter.java:895) ~[spring-webmvc-5.3.15.jar:5.3.15]
	at org.springframework.web.servlet.mvc.method.annotation.RequestMappingHandlerAdapter.handleInternal(RequestMappingHandlerAdapter.java:808) ~[spring-webmvc-5.3.15.jar:5.3.15]
	at org.springframework.web.servlet.mvc.method.AbstractHandlerMethodAdapter.handle(AbstractHandlerMethodAdapter.java:87) ~[spring-webmvc-5.3.15.jar:5.3.15]
	at org.springframework.web.servlet.DispatcherServlet.doDispatch(DispatcherServlet.java:1067) ~[spring-webmvc-5.3.15.jar:5.3.15]
	at org.springframework.web.servlet.DispatcherServlet.doService(DispatcherServlet.java:963) ~[spring-webmvc-5.3.15.jar:5.3.15]
	at org.springframework.web.servlet.FrameworkServlet.processRequest(FrameworkServlet.java:1006) ~[spring-webmvc-5.3.15.jar:5.3.15]
	at org.springframework.web.servlet.FrameworkServlet.doGet(FrameworkServlet.java:898) ~[spring-webmvc-5.3.15.jar:5.3.15]
	at javax.servlet.http.HttpServlet.service(HttpServlet.java:655) ~[tomcat-embed-core-9.0.56.jar:4.0.FR]
	at org.springframework.web.servlet.FrameworkServlet.service(FrameworkServlet.java:883) ~[spring-webmvc-5.3.15.jar:5.3.15]
	at javax.servlet.http.HttpServlet.service(HttpServlet.java:764) ~[tomcat-embed-core-9.0.56.jar:4.0.FR]
	at org.apache.catalina.core.ApplicationFilterChain.internalDoFilter(ApplicationFilterChain.java:227) ~[tomcat-embed-core-9.0.56.jar:9.0.56]
	at org.apache.catalina.core.ApplicationFilterChain.doFilter(ApplicationFilterChain.java:162) ~[tomcat-embed-core-9.0.56.jar:9.0.56]
	at org.apache.tomcat.websocket.server.WsFilter.doFilter(WsFilter.java:53) ~[tomcat-embed-websocket-9.0.56.jar:9.0.56]
	at org.apache.catalina.core.ApplicationFilterChain.internalDoFilter(ApplicationFilterChain.java:189) ~[tomcat-embed-core-9.0.56.jar:9.0.56]
	at org.apache.catalina.core.ApplicationFilterChain.doFilter(ApplicationFilterChain.java:162) ~[tomcat-embed-core-9.0.56.jar:9.0.56]
	at org.springframework.web.filter.RequestContextFilter.doFilterInternal(RequestContextFilter.java:100) ~[spring-web-5.3.15.jar:5.3.15]
	at org.springframework.web.filter.OncePerRequestFilter.doFilter(OncePerRequestFilter.java:117) ~[spring-web-5.3.15.jar:5.3.15]
	at org.apache.catalina.core.ApplicationFilterChain.internalDoFilter(ApplicationFilterChain.java:189) ~[tomcat-embed-core-9.0.56.jar:9.0.56]
	at org.apache.catalina.core.ApplicationFilterChain.doFilter(ApplicationFilterChain.java:162) ~[tomcat-embed-core-9.0.56.jar:9.0.56]
	at org.springframework.web.filter.FormContentFilter.doFilterInternal(FormContentFilter.java:93) ~[spring-web-5.3.15.jar:5.3.15]
	at org.springframework.web.filter.OncePerRequestFilter.doFilter(OncePerRequestFilter.java:117) ~[spring-web-5.3.15.jar:5.3.15]
	at org.apache.catalina.core.ApplicationFilterChain.internalDoFilter(ApplicationFilterChain.java:189) ~[tomcat-embed-core-9.0.56.jar:9.0.56]
	at org.apache.catalina.core.ApplicationFilterChain.doFilter(ApplicationFilterChain.java:162) ~[tomcat-embed-core-9.0.56.jar:9.0.56]
	at org.springframework.boot.actuate.metrics.web.servlet.WebMvcMetricsFilter.doFilterInternal(WebMvcMetricsFilter.java:96) ~[spring-boot-actuator-2.6.3.jar:2.6.3]
	at org.springframework.web.filter.OncePerRequestFilter.doFilter(OncePerRequestFilter.java:117) ~[spring-web-5.3.15.jar:5.3.15]
	at org.apache.catalina.core.ApplicationFilterChain.internalDoFilter(ApplicationFilterChain.java:189) ~[tomcat-embed-core-9.0.56.jar:9.0.56]
	at org.apache.catalina.core.ApplicationFilterChain.doFilter(ApplicationFilterChain.java:162) ~[tomcat-embed-core-9.0.56.jar:9.0.56]
	at org.springframework.web.filter.CharacterEncodingFilter.doFilterInternal(CharacterEncodingFilter.java:201) ~[spring-web-5.3.15.jar:5.3.15]
	at org.springframework.web.filter.OncePerRequestFilter.doFilter(OncePerRequestFilter.java:117) ~[spring-web-5.3.15.jar:5.3.15]
	at org.apache.catalina.core.ApplicationFilterChain.internalDoFilter(ApplicationFilterChain.java:189) ~[tomcat-embed-core-9.0.56.jar:9.0.56]
	at org.apache.catalina.core.ApplicationFilterChain.doFilter(ApplicationFilterChain.java:162) ~[tomcat-embed-core-9.0.56.jar:9.0.56]
	at org.apache.catalina.core.StandardWrapperValve.invoke(StandardWrapperValve.java:197) ~[tomcat-embed-core-9.0.56.jar:9.0.56]
	at org.apache.catalina.core.StandardContextValve.invoke(StandardContextValve.java:97) ~[tomcat-embed-core-9.0.56.jar:9.0.56]
	at org.apache.catalina.authenticator.AuthenticatorBase.invoke(AuthenticatorBase.java:540) ~[tomcat-embed-core-9.0.56.jar:9.0.56]
	at org.apache.catalina.core.StandardHostValve.invoke(StandardHostValve.java:135) ~[tomcat-embed-core-9.0.56.jar:9.0.56]
	at org.apache.catalina.valves.ErrorReportValve.invoke(ErrorReportValve.java:92) ~[tomcat-embed-core-9.0.56.jar:9.0.56]
	at org.apache.catalina.core.StandardEngineValve.invoke(StandardEngineValve.java:78) ~[tomcat-embed-core-9.0.56.jar:9.0.56]
	at org.apache.catalina.connector.CoyoteAdapter.service(CoyoteAdapter.java:357) ~[tomcat-embed-core-9.0.56.jar:9.0.56]
	at org.apache.coyote.http11.Http11Processor.service(Http11Processor.java:382) ~[tomcat-embed-core-9.0.56.jar:9.0.56]
	at org.apache.coyote.AbstractProcessorLight.process(AbstractProcessorLight.java:65) ~[tomcat-embed-core-9.0.56.jar:9.0.56]
	at org.apache.coyote.AbstractProtocol$ConnectionHandler.process(AbstractProtocol.java:895) ~[tomcat-embed-core-9.0.56.jar:9.0.56]
	at org.apache.tomcat.util.net.NioEndpoint$SocketProcessor.doRun(NioEndpoint.java:1732) ~[tomcat-embed-core-9.0.56.jar:9.0.56]
	at org.apache.tomcat.util.net.SocketProcessorBase.run(SocketProcessorBase.java:49) ~[tomcat-embed-core-9.0.56.jar:9.0.56]
	at org.apache.tomcat.util.threads.ThreadPoolExecutor.runWorker(ThreadPoolExecutor.java:1191) ~[tomcat-embed-core-9.0.56.jar:9.0.56]
	at org.apache.tomcat.util.threads.ThreadPoolExecutor$Worker.run(ThreadPoolExecutor.java:659) ~[tomcat-embed-core-9.0.56.jar:9.0.56]
	at org.apache.tomcat.util.threads.TaskThread$WrappingRunnable.run(TaskThread.java:61) ~[tomcat-embed-core-9.0.56.jar:9.0.56]
	at java.base/java.lang.Thread.run(Thread.java:833) ~[na:na]
Caused by: java.net.ConnectException: Connection refused
	at java.base/sun.nio.ch.Net.pollConnect(Native Method) ~[na:na]
	at java.base/sun.nio.ch.Net.pollConnectNow(Net.java:672) ~[na:na]
	at java.base/sun.nio.ch.SocketChannelImpl.finishConnect(SocketChannelImpl.java:946) ~[na:na]
	at org.apache.http.impl.nio.reactor.DefaultConnectingIOReactor.processEvent(DefaultConnectingIOReactor.java:174) ~[httpcore-nio-4.4.15.jar:4.4.15]
	at org.apache.http.impl.nio.reactor.DefaultConnectingIOReactor.processEvents(DefaultConnectingIOReactor.java:148) ~[httpcore-nio-4.4.15.jar:4.4.15]
	at org.apache.http.impl.nio.reactor.AbstractMultiworkerIOReactor.execute(AbstractMultiworkerIOReactor.java:351) ~[httpcore-nio-4.4.15.jar:4.4.15]
	at org.apache.http.impl.nio.conn.PoolingNHttpClientConnectionManager.execute(PoolingNHttpClientConnectionManager.java:221) ~[httpasyncclient-4.1.5.jar:4.1.5]
	at org.apache.http.impl.nio.client.CloseableHttpAsyncClientBase$1.run(CloseableHttpAsyncClientBase.java:64) ~[httpasyncclient-4.1.5.jar:4.1.5]
	... 1 common frames omitted

[spring.application.name_IS_UNDEFINED-10.105.16.203-0000] 2022-02-18 16:40:03.752 ERROR 38557 [I/O dispatcher 1] [TID: N/A] [TestController.java:477] delete index snapshot failed

org.elasticsearch.ElasticsearchStatusException: Elasticsearch exception [type=repository_exception, reason=[snapshot_es_back_up] concurrent modification of the index-N file, expected current generation [12] but it was not found in the repository]
	at org.elasticsearch.rest.BytesRestResponse.errorFromXContent(BytesRestResponse.java:187) ~[elasticsearch-7.9.3.jar:7.9.3]
	at org.elasticsearch.client.RestHighLevelClient.parseEntity(RestHighLevelClient.java:1892) ~[elasticsearch-rest-high-level-client-7.9.3.jar:7.15.2]
	at org.elasticsearch.client.RestHighLevelClient.parseResponseException(RestHighLevelClient.java:1869) ~[elasticsearch-rest-high-level-client-7.9.3.jar:7.15.2]
	at org.elasticsearch.client.RestHighLevelClient$1.onFailure(RestHighLevelClient.java:1785) ~[elasticsearch-rest-high-level-client-7.9.3.jar:7.15.2]
	at org.elasticsearch.client.RestClient$FailureTrackingResponseListener.onDefinitiveFailure(RestClient.java:644) ~[elasticsearch-rest-client-7.15.2.jar:7.15.2]
	at org.elasticsearch.client.RestClient$1.completed(RestClient.java:386) ~[elasticsearch-rest-client-7.15.2.jar:7.15.2]
	at org.elasticsearch.client.RestClient$1.completed(RestClient.java:370) ~[elasticsearch-rest-client-7.15.2.jar:7.15.2]
	at org.apache.http.concurrent.BasicFuture.completed(BasicFuture.java:122) ~[httpcore-4.4.15.jar:4.4.15]
	at org.apache.http.impl.nio.client.DefaultClientExchangeHandlerImpl.responseCompleted(DefaultClientExchangeHandlerImpl.java:182) ~[httpasyncclient-4.1.5.jar:4.1.5]
	at org.apache.http.nio.protocol.HttpAsyncRequestExecutor.processResponse(HttpAsyncRequestExecutor.java:448) ~[httpcore-nio-4.4.15.jar:4.4.15]
	at org.apache.http.nio.protocol.HttpAsyncRequestExecutor.inputReady(HttpAsyncRequestExecutor.java:338) ~[httpcore-nio-4.4.15.jar:4.4.15]
	at org.apache.http.impl.nio.DefaultNHttpClientConnection.consumeInput(DefaultNHttpClientConnection.java:265) ~[httpcore-nio-4.4.15.jar:4.4.15]
	at org.apache.http.impl.nio.client.InternalIODispatch.onInputReady(InternalIODispatch.java:87) ~[httpasyncclient-4.1.5.jar:4.1.5]
	at org.apache.http.impl.nio.client.InternalIODispatch.onInputReady(InternalIODispatch.java:40) ~[httpasyncclient-4.1.5.jar:4.1.5]
	at org.apache.http.impl.nio.reactor.AbstractIODispatch.inputReady(AbstractIODispatch.java:114) ~[httpcore-nio-4.4.15.jar:4.4.15]
	at org.apache.http.impl.nio.reactor.BaseIOReactor.readable(BaseIOReactor.java:162) ~[httpcore-nio-4.4.15.jar:4.4.15]
	at org.apache.http.impl.nio.reactor.AbstractIOReactor.processEvent(AbstractIOReactor.java:337) ~[httpcore-nio-4.4.15.jar:4.4.15]
	at org.apache.http.impl.nio.reactor.AbstractIOReactor.processEvents(AbstractIOReactor.java:315) ~[httpcore-nio-4.4.15.jar:4.4.15]
	at org.apache.http.impl.nio.reactor.AbstractIOReactor.execute(AbstractIOReactor.java:276) ~[httpcore-nio-4.4.15.jar:4.4.15]
	at org.apache.http.impl.nio.reactor.BaseIOReactor.execute(BaseIOReactor.java:104) ~[httpcore-nio-4.4.15.jar:4.4.15]
	at org.apache.http.impl.nio.reactor.AbstractMultiworkerIOReactor$Worker.run(AbstractMultiworkerIOReactor.java:591) ~[httpcore-nio-4.4.15.jar:4.4.15]
	at java.base/java.lang.Thread.run(Thread.java:833) ~[na:na]
	Suppressed: org.elasticsearch.client.ResponseException: method [DELETE], host [http://172.16.90.231:9200], URI [/_snapshot/snapshot_es_back_up/february_log?master_timeout=30s], status line [HTTP/1.1 500 Internal Server Error]
{"error":{"root_cause":[{"type":"repository_exception","reason":"[snapshot_es_back_up] concurrent modification of the index-N file, expected current generation [12] but it was not found in the repository"}],"type":"repository_exception","reason":"[snapshot_es_back_up] concurrent modification of the index-N file, expected current generation [12] but it was not found in the repository"},"status":500}
		at org.elasticsearch.client.RestClient.convertResponse(RestClient.java:326) ~[elasticsearch-rest-client-7.15.2.jar:7.15.2]
		at org.elasticsearch.client.RestClient.access$1800(RestClient.java:105) ~[elasticsearch-rest-client-7.15.2.jar:7.15.2]
		at org.elasticsearch.client.RestClient$1.completed(RestClient.java:374) ~[elasticsearch-rest-client-7.15.2.jar:7.15.2]
		... 16 common frames omitted

[spring.application.name_IS_UNDEFINED-10.105.16.203-0000] 2022-02-18 16:41:04.442 ERROR 38557 [I/O dispatcher 1] [TID: N/A] [TestController.java:477] delete index snapshot failed

org.elasticsearch.ElasticsearchStatusException: Elasticsearch exception [type=repository_exception, reason=[snapshot_es_back_up] Could not read repository data because the contents of the repository do not match its expected state. This is likely the result of either concurrently modifying the contents of the repository by a process other than this cluster or an issue with the repository's underlyingstorage. The repository has been disabled to prevent corrupting its contents. To re-enable it and continue using it please remove the repository from the cluster and add it again to make the cluster recover the known state of the repository from its physical contents.]
	at org.elasticsearch.rest.BytesRestResponse.errorFromXContent(BytesRestResponse.java:187) ~[elasticsearch-7.9.3.jar:7.9.3]
	at org.elasticsearch.client.RestHighLevelClient.parseEntity(RestHighLevelClient.java:1892) ~[elasticsearch-rest-high-level-client-7.9.3.jar:7.15.2]
	at org.elasticsearch.client.RestHighLevelClient.parseResponseException(RestHighLevelClient.java:1869) ~[elasticsearch-rest-high-level-client-7.9.3.jar:7.15.2]
	at org.elasticsearch.client.RestHighLevelClient$1.onFailure(RestHighLevelClient.java:1785) ~[elasticsearch-rest-high-level-client-7.9.3.jar:7.15.2]
	at org.elasticsearch.client.RestClient$FailureTrackingResponseListener.onDefinitiveFailure(RestClient.java:644) ~[elasticsearch-rest-client-7.15.2.jar:7.15.2]
	at org.elasticsearch.client.RestClient$1.completed(RestClient.java:386) ~[elasticsearch-rest-client-7.15.2.jar:7.15.2]
	at org.elasticsearch.client.RestClient$1.completed(RestClient.java:370) ~[elasticsearch-rest-client-7.15.2.jar:7.15.2]
	at org.apache.http.concurrent.BasicFuture.completed(BasicFuture.java:122) ~[httpcore-4.4.15.jar:4.4.15]
	at org.apache.http.impl.nio.client.DefaultClientExchangeHandlerImpl.responseCompleted(DefaultClientExchangeHandlerImpl.java:182) ~[httpasyncclient-4.1.5.jar:4.1.5]
	at org.apache.http.nio.protocol.HttpAsyncRequestExecutor.processResponse(HttpAsyncRequestExecutor.java:448) ~[httpcore-nio-4.4.15.jar:4.4.15]
	at org.apache.http.nio.protocol.HttpAsyncRequestExecutor.inputReady(HttpAsyncRequestExecutor.java:338) ~[httpcore-nio-4.4.15.jar:4.4.15]
	at org.apache.http.impl.nio.DefaultNHttpClientConnection.consumeInput(DefaultNHttpClientConnection.java:265) ~[httpcore-nio-4.4.15.jar:4.4.15]
	at org.apache.http.impl.nio.client.InternalIODispatch.onInputReady(InternalIODispatch.java:87) ~[httpasyncclient-4.1.5.jar:4.1.5]
	at org.apache.http.impl.nio.client.InternalIODispatch.onInputReady(InternalIODispatch.java:40) ~[httpasyncclient-4.1.5.jar:4.1.5]
	at org.apache.http.impl.nio.reactor.AbstractIODispatch.inputReady(AbstractIODispatch.java:114) ~[httpcore-nio-4.4.15.jar:4.4.15]
	at org.apache.http.impl.nio.reactor.BaseIOReactor.readable(BaseIOReactor.java:162) ~[httpcore-nio-4.4.15.jar:4.4.15]
	at org.apache.http.impl.nio.reactor.AbstractIOReactor.processEvent(AbstractIOReactor.java:337) ~[httpcore-nio-4.4.15.jar:4.4.15]
	at org.apache.http.impl.nio.reactor.AbstractIOReactor.processEvents(AbstractIOReactor.java:315) ~[httpcore-nio-4.4.15.jar:4.4.15]
	at org.apache.http.impl.nio.reactor.AbstractIOReactor.execute(AbstractIOReactor.java:276) ~[httpcore-nio-4.4.15.jar:4.4.15]
	at org.apache.http.impl.nio.reactor.BaseIOReactor.execute(BaseIOReactor.java:104) ~[httpcore-nio-4.4.15.jar:4.4.15]
	at org.apache.http.impl.nio.reactor.AbstractMultiworkerIOReactor$Worker.run(AbstractMultiworkerIOReactor.java:591) ~[httpcore-nio-4.4.15.jar:4.4.15]
	at java.base/java.lang.Thread.run(Thread.java:833) ~[na:na]
	Suppressed: org.elasticsearch.client.ResponseException: method [DELETE], host [http://172.16.90.231:9200], URI [/_snapshot/snapshot_es_back_up/february_log?master_timeout=30s], status line [HTTP/1.1 500 Internal Server Error]
{"error":{"root_cause":[{"type":"repository_exception","reason":"[snapshot_es_back_up] Could not read repository data because the contents of the repository do not match its expected state. This is likely the result of either concurrently modifying the contents of the repository by a process other than this cluster or an issue with the repository's underlyingstorage. The repository has been disabled to prevent corrupting its contents. To re-enable it and continue using it please remove the repository from the cluster and add it again to make the cluster recover the known state of the repository from its physical contents."}],"type":"repository_exception","reason":"[snapshot_es_back_up] Could not read repository data because the contents of the repository do not match its expected state. This is likely the result of either concurrently modifying the contents of the repository by a process other than this cluster or an issue with the repository's underlyingstorage. The repository has been disabled to prevent corrupting its contents. To re-enable it and continue using it please remove the repository from the cluster and add it again to make the cluster recover the known state of the repository from its physical contents."},"status":500}
		at org.elasticsearch.client.RestClient.convertResponse(RestClient.java:326) ~[elasticsearch-rest-client-7.15.2.jar:7.15.2]
		at org.elasticsearch.client.RestClient.access$1800(RestClient.java:105) ~[elasticsearch-rest-client-7.15.2.jar:7.15.2]
		at org.elasticsearch.client.RestClient$1.completed(RestClient.java:374) ~[elasticsearch-rest-client-7.15.2.jar:7.15.2]
		... 16 common frames omitted

[spring.application.name_IS_UNDEFINED-10.105.16.203-0000] 2022-02-18 20:00:26.941 ERROR 92795 [I/O dispatcher 1] [TID: N/A] [TestController.java:222] create snapshot repository failed

org.elasticsearch.ElasticsearchStatusException: Elasticsearch exception [type=repository_verification_exception, reason=[snapshot_es_back_up] path  is not accessible on master node]
	at org.elasticsearch.rest.BytesRestResponse.errorFromXContent(BytesRestResponse.java:187) ~[elasticsearch-7.9.3.jar:7.9.3]
	at org.elasticsearch.client.RestHighLevelClient.parseEntity(RestHighLevelClient.java:1892) ~[elasticsearch-rest-high-level-client-7.9.3.jar:7.15.2]
	at org.elasticsearch.client.RestHighLevelClient.parseResponseException(RestHighLevelClient.java:1869) ~[elasticsearch-rest-high-level-client-7.9.3.jar:7.15.2]
	at org.elasticsearch.client.RestHighLevelClient$1.onFailure(RestHighLevelClient.java:1785) ~[elasticsearch-rest-high-level-client-7.9.3.jar:7.15.2]
	at org.elasticsearch.client.RestClient$FailureTrackingResponseListener.onDefinitiveFailure(RestClient.java:644) ~[elasticsearch-rest-client-7.15.2.jar:7.15.2]
	at org.elasticsearch.client.RestClient$1.completed(RestClient.java:386) ~[elasticsearch-rest-client-7.15.2.jar:7.15.2]
	at org.elasticsearch.client.RestClient$1.completed(RestClient.java:370) ~[elasticsearch-rest-client-7.15.2.jar:7.15.2]
	at org.apache.http.concurrent.BasicFuture.completed(BasicFuture.java:122) ~[httpcore-4.4.15.jar:4.4.15]
	at org.apache.http.impl.nio.client.DefaultClientExchangeHandlerImpl.responseCompleted(DefaultClientExchangeHandlerImpl.java:182) ~[httpasyncclient-4.1.5.jar:4.1.5]
	at org.apache.http.nio.protocol.HttpAsyncRequestExecutor.processResponse(HttpAsyncRequestExecutor.java:448) ~[httpcore-nio-4.4.15.jar:4.4.15]
	at org.apache.http.nio.protocol.HttpAsyncRequestExecutor.inputReady(HttpAsyncRequestExecutor.java:338) ~[httpcore-nio-4.4.15.jar:4.4.15]
	at org.apache.http.impl.nio.DefaultNHttpClientConnection.consumeInput(DefaultNHttpClientConnection.java:265) ~[httpcore-nio-4.4.15.jar:4.4.15]
	at org.apache.http.impl.nio.client.InternalIODispatch.onInputReady(InternalIODispatch.java:87) ~[httpasyncclient-4.1.5.jar:4.1.5]
	at org.apache.http.impl.nio.client.InternalIODispatch.onInputReady(InternalIODispatch.java:40) ~[httpasyncclient-4.1.5.jar:4.1.5]
	at org.apache.http.impl.nio.reactor.AbstractIODispatch.inputReady(AbstractIODispatch.java:114) ~[httpcore-nio-4.4.15.jar:4.4.15]
	at org.apache.http.impl.nio.reactor.BaseIOReactor.readable(BaseIOReactor.java:162) ~[httpcore-nio-4.4.15.jar:4.4.15]
	at org.apache.http.impl.nio.reactor.AbstractIOReactor.processEvent(AbstractIOReactor.java:337) ~[httpcore-nio-4.4.15.jar:4.4.15]
	at org.apache.http.impl.nio.reactor.AbstractIOReactor.processEvents(AbstractIOReactor.java:315) ~[httpcore-nio-4.4.15.jar:4.4.15]
	at org.apache.http.impl.nio.reactor.AbstractIOReactor.execute(AbstractIOReactor.java:276) ~[httpcore-nio-4.4.15.jar:4.4.15]
	at org.apache.http.impl.nio.reactor.BaseIOReactor.execute(BaseIOReactor.java:104) ~[httpcore-nio-4.4.15.jar:4.4.15]
	at org.apache.http.impl.nio.reactor.AbstractMultiworkerIOReactor$Worker.run(AbstractMultiworkerIOReactor.java:591) ~[httpcore-nio-4.4.15.jar:4.4.15]
	at java.base/java.lang.Thread.run(Thread.java:833) ~[na:na]
	Suppressed: org.elasticsearch.client.ResponseException: method [PUT], host [http://172.16.90.231:9200], URI [/_snapshot/snapshot_es_back_up?master_timeout=30s&timeout=30s], status line [HTTP/1.1 500 Internal Server Error]
{"error":{"root_cause":[{"type":"repository_exception","reason":"[snapshot_es_back_up] cannot create blob store"}],"type":"repository_verification_exception","reason":"[snapshot_es_back_up] path  is not accessible on master node","caused_by":{"type":"repository_exception","reason":"[snapshot_es_back_up] cannot create blob store","caused_by":{"type":"access_control_exception","reason":"access denied (\"java.io.FilePermission\" \"/backup\" \"read\")"}}},"status":500}
		at org.elasticsearch.client.RestClient.convertResponse(RestClient.java:326) ~[elasticsearch-rest-client-7.15.2.jar:7.15.2]
		at org.elasticsearch.client.RestClient.access$1800(RestClient.java:105) ~[elasticsearch-rest-client-7.15.2.jar:7.15.2]
		at org.elasticsearch.client.RestClient$1.completed(RestClient.java:374) ~[elasticsearch-rest-client-7.15.2.jar:7.15.2]
		... 16 common frames omitted
Caused by: org.elasticsearch.ElasticsearchException: Elasticsearch exception [type=repository_exception, reason=[snapshot_es_back_up] cannot create blob store]
	at org.elasticsearch.ElasticsearchException.innerFromXContent(ElasticsearchException.java:496) ~[elasticsearch-7.9.3.jar:7.9.3]
	at org.elasticsearch.ElasticsearchException.fromXContent(ElasticsearchException.java:407) ~[elasticsearch-7.9.3.jar:7.9.3]
	at org.elasticsearch.ElasticsearchException.innerFromXContent(ElasticsearchException.java:437) ~[elasticsearch-7.9.3.jar:7.9.3]
	at org.elasticsearch.ElasticsearchException.failureFromXContent(ElasticsearchException.java:603) ~[elasticsearch-7.9.3.jar:7.9.3]
	at org.elasticsearch.rest.BytesRestResponse.errorFromXContent(BytesRestResponse.java:179) ~[elasticsearch-7.9.3.jar:7.9.3]
	... 21 common frames omitted
Caused by: org.elasticsearch.ElasticsearchException: Elasticsearch exception [type=access_control_exception, reason=access denied ("java.io.FilePermission" "/backup" "read")]
	at org.elasticsearch.ElasticsearchException.innerFromXContent(ElasticsearchException.java:496) ~[elasticsearch-7.9.3.jar:7.9.3]
	at org.elasticsearch.ElasticsearchException.fromXContent(ElasticsearchException.java:407) ~[elasticsearch-7.9.3.jar:7.9.3]
	at org.elasticsearch.ElasticsearchException.innerFromXContent(ElasticsearchException.java:437) ~[elasticsearch-7.9.3.jar:7.9.3]
	... 25 common frames omitted

[spring.application.name_IS_UNDEFINED-10.105.16.203-0000] 2022-02-18 20:01:49.189 ERROR 92795 [I/O dispatcher 1] [TID: N/A] [TestController.java:222] create snapshot repository failed

org.elasticsearch.ElasticsearchStatusException: Elasticsearch exception [type=repository_verification_exception, reason=[snapshot_es_back_up] path  is not accessible on master node]
	at org.elasticsearch.rest.BytesRestResponse.errorFromXContent(BytesRestResponse.java:187) ~[elasticsearch-7.9.3.jar:7.9.3]
	at org.elasticsearch.client.RestHighLevelClient.parseEntity(RestHighLevelClient.java:1892) ~[elasticsearch-rest-high-level-client-7.9.3.jar:7.15.2]
	at org.elasticsearch.client.RestHighLevelClient.parseResponseException(RestHighLevelClient.java:1869) ~[elasticsearch-rest-high-level-client-7.9.3.jar:7.15.2]
	at org.elasticsearch.client.RestHighLevelClient$1.onFailure(RestHighLevelClient.java:1785) ~[elasticsearch-rest-high-level-client-7.9.3.jar:7.15.2]
	at org.elasticsearch.client.RestClient$FailureTrackingResponseListener.onDefinitiveFailure(RestClient.java:644) ~[elasticsearch-rest-client-7.15.2.jar:7.15.2]
	at org.elasticsearch.client.RestClient$1.completed(RestClient.java:386) ~[elasticsearch-rest-client-7.15.2.jar:7.15.2]
	at org.elasticsearch.client.RestClient$1.completed(RestClient.java:370) ~[elasticsearch-rest-client-7.15.2.jar:7.15.2]
	at org.apache.http.concurrent.BasicFuture.completed(BasicFuture.java:122) ~[httpcore-4.4.15.jar:4.4.15]
	at org.apache.http.impl.nio.client.DefaultClientExchangeHandlerImpl.responseCompleted(DefaultClientExchangeHandlerImpl.java:182) ~[httpasyncclient-4.1.5.jar:4.1.5]
	at org.apache.http.nio.protocol.HttpAsyncRequestExecutor.processResponse(HttpAsyncRequestExecutor.java:448) ~[httpcore-nio-4.4.15.jar:4.4.15]
	at org.apache.http.nio.protocol.HttpAsyncRequestExecutor.inputReady(HttpAsyncRequestExecutor.java:338) ~[httpcore-nio-4.4.15.jar:4.4.15]
	at org.apache.http.impl.nio.DefaultNHttpClientConnection.consumeInput(DefaultNHttpClientConnection.java:265) ~[httpcore-nio-4.4.15.jar:4.4.15]
	at org.apache.http.impl.nio.client.InternalIODispatch.onInputReady(InternalIODispatch.java:87) ~[httpasyncclient-4.1.5.jar:4.1.5]
	at org.apache.http.impl.nio.client.InternalIODispatch.onInputReady(InternalIODispatch.java:40) ~[httpasyncclient-4.1.5.jar:4.1.5]
	at org.apache.http.impl.nio.reactor.AbstractIODispatch.inputReady(AbstractIODispatch.java:114) ~[httpcore-nio-4.4.15.jar:4.4.15]
	at org.apache.http.impl.nio.reactor.BaseIOReactor.readable(BaseIOReactor.java:162) ~[httpcore-nio-4.4.15.jar:4.4.15]
	at org.apache.http.impl.nio.reactor.AbstractIOReactor.processEvent(AbstractIOReactor.java:337) ~[httpcore-nio-4.4.15.jar:4.4.15]
	at org.apache.http.impl.nio.reactor.AbstractIOReactor.processEvents(AbstractIOReactor.java:315) ~[httpcore-nio-4.4.15.jar:4.4.15]
	at org.apache.http.impl.nio.reactor.AbstractIOReactor.execute(AbstractIOReactor.java:276) ~[httpcore-nio-4.4.15.jar:4.4.15]
	at org.apache.http.impl.nio.reactor.BaseIOReactor.execute(BaseIOReactor.java:104) ~[httpcore-nio-4.4.15.jar:4.4.15]
	at org.apache.http.impl.nio.reactor.AbstractMultiworkerIOReactor$Worker.run(AbstractMultiworkerIOReactor.java:591) ~[httpcore-nio-4.4.15.jar:4.4.15]
	at java.base/java.lang.Thread.run(Thread.java:833) ~[na:na]
	Suppressed: org.elasticsearch.client.ResponseException: method [PUT], host [http://172.16.90.231:9200], URI [/_snapshot/snapshot_es_back_up?master_timeout=30s&timeout=30s], status line [HTTP/1.1 500 Internal Server Error]
{"error":{"root_cause":[{"type":"exception","reason":"failed to create blob container"}],"type":"repository_verification_exception","reason":"[snapshot_es_back_up] path  is not accessible on master node","caused_by":{"type":"exception","reason":"failed to create blob container","caused_by":{"type":"access_denied_exception","reason":"/backup/es_backup/tests-YiRxjNTWTGeVedk1XOdUmA"}}},"status":500}
		at org.elasticsearch.client.RestClient.convertResponse(RestClient.java:326) ~[elasticsearch-rest-client-7.15.2.jar:7.15.2]
		at org.elasticsearch.client.RestClient.access$1800(RestClient.java:105) ~[elasticsearch-rest-client-7.15.2.jar:7.15.2]
		at org.elasticsearch.client.RestClient$1.completed(RestClient.java:374) ~[elasticsearch-rest-client-7.15.2.jar:7.15.2]
		... 16 common frames omitted
Caused by: org.elasticsearch.ElasticsearchException: Elasticsearch exception [type=exception, reason=failed to create blob container]
	at org.elasticsearch.ElasticsearchException.innerFromXContent(ElasticsearchException.java:496) ~[elasticsearch-7.9.3.jar:7.9.3]
	at org.elasticsearch.ElasticsearchException.fromXContent(ElasticsearchException.java:407) ~[elasticsearch-7.9.3.jar:7.9.3]
	at org.elasticsearch.ElasticsearchException.innerFromXContent(ElasticsearchException.java:437) ~[elasticsearch-7.9.3.jar:7.9.3]
	at org.elasticsearch.ElasticsearchException.failureFromXContent(ElasticsearchException.java:603) ~[elasticsearch-7.9.3.jar:7.9.3]
	at org.elasticsearch.rest.BytesRestResponse.errorFromXContent(BytesRestResponse.java:179) ~[elasticsearch-7.9.3.jar:7.9.3]
	... 21 common frames omitted
Caused by: org.elasticsearch.ElasticsearchException: Elasticsearch exception [type=access_denied_exception, reason=/backup/es_backup/tests-YiRxjNTWTGeVedk1XOdUmA]
	at org.elasticsearch.ElasticsearchException.innerFromXContent(ElasticsearchException.java:496) ~[elasticsearch-7.9.3.jar:7.9.3]
	at org.elasticsearch.ElasticsearchException.fromXContent(ElasticsearchException.java:407) ~[elasticsearch-7.9.3.jar:7.9.3]
	at org.elasticsearch.ElasticsearchException.innerFromXContent(ElasticsearchException.java:437) ~[elasticsearch-7.9.3.jar:7.9.3]
	... 25 common frames omitted

[spring.application.name_IS_UNDEFINED-10.105.16.203-0000] 2022-02-18 20:02:13.972 ERROR 92795 [I/O dispatcher 1] [TID: N/A] [TestController.java:222] create snapshot repository failed

org.elasticsearch.ElasticsearchStatusException: Elasticsearch exception [type=repository_verification_exception, reason=[snapshot_es_back_up] path  is not accessible on master node]
	at org.elasticsearch.rest.BytesRestResponse.errorFromXContent(BytesRestResponse.java:187) ~[elasticsearch-7.9.3.jar:7.9.3]
	at org.elasticsearch.client.RestHighLevelClient.parseEntity(RestHighLevelClient.java:1892) ~[elasticsearch-rest-high-level-client-7.9.3.jar:7.15.2]
	at org.elasticsearch.client.RestHighLevelClient.parseResponseException(RestHighLevelClient.java:1869) ~[elasticsearch-rest-high-level-client-7.9.3.jar:7.15.2]
	at org.elasticsearch.client.RestHighLevelClient$1.onFailure(RestHighLevelClient.java:1785) ~[elasticsearch-rest-high-level-client-7.9.3.jar:7.15.2]
	at org.elasticsearch.client.RestClient$FailureTrackingResponseListener.onDefinitiveFailure(RestClient.java:644) ~[elasticsearch-rest-client-7.15.2.jar:7.15.2]
	at org.elasticsearch.client.RestClient$1.completed(RestClient.java:386) ~[elasticsearch-rest-client-7.15.2.jar:7.15.2]
	at org.elasticsearch.client.RestClient$1.completed(RestClient.java:370) ~[elasticsearch-rest-client-7.15.2.jar:7.15.2]
	at org.apache.http.concurrent.BasicFuture.completed(BasicFuture.java:122) ~[httpcore-4.4.15.jar:4.4.15]
	at org.apache.http.impl.nio.client.DefaultClientExchangeHandlerImpl.responseCompleted(DefaultClientExchangeHandlerImpl.java:182) ~[httpasyncclient-4.1.5.jar:4.1.5]
	at org.apache.http.nio.protocol.HttpAsyncRequestExecutor.processResponse(HttpAsyncRequestExecutor.java:448) ~[httpcore-nio-4.4.15.jar:4.4.15]
	at org.apache.http.nio.protocol.HttpAsyncRequestExecutor.inputReady(HttpAsyncRequestExecutor.java:338) ~[httpcore-nio-4.4.15.jar:4.4.15]
	at org.apache.http.impl.nio.DefaultNHttpClientConnection.consumeInput(DefaultNHttpClientConnection.java:265) ~[httpcore-nio-4.4.15.jar:4.4.15]
	at org.apache.http.impl.nio.client.InternalIODispatch.onInputReady(InternalIODispatch.java:87) ~[httpasyncclient-4.1.5.jar:4.1.5]
	at org.apache.http.impl.nio.client.InternalIODispatch.onInputReady(InternalIODispatch.java:40) ~[httpasyncclient-4.1.5.jar:4.1.5]
	at org.apache.http.impl.nio.reactor.AbstractIODispatch.inputReady(AbstractIODispatch.java:114) ~[httpcore-nio-4.4.15.jar:4.4.15]
	at org.apache.http.impl.nio.reactor.BaseIOReactor.readable(BaseIOReactor.java:162) ~[httpcore-nio-4.4.15.jar:4.4.15]
	at org.apache.http.impl.nio.reactor.AbstractIOReactor.processEvent(AbstractIOReactor.java:337) ~[httpcore-nio-4.4.15.jar:4.4.15]
	at org.apache.http.impl.nio.reactor.AbstractIOReactor.processEvents(AbstractIOReactor.java:315) ~[httpcore-nio-4.4.15.jar:4.4.15]
	at org.apache.http.impl.nio.reactor.AbstractIOReactor.execute(AbstractIOReactor.java:276) ~[httpcore-nio-4.4.15.jar:4.4.15]
	at org.apache.http.impl.nio.reactor.BaseIOReactor.execute(BaseIOReactor.java:104) ~[httpcore-nio-4.4.15.jar:4.4.15]
	at org.apache.http.impl.nio.reactor.AbstractMultiworkerIOReactor$Worker.run(AbstractMultiworkerIOReactor.java:591) ~[httpcore-nio-4.4.15.jar:4.4.15]
	at java.base/java.lang.Thread.run(Thread.java:833) ~[na:na]
	Suppressed: org.elasticsearch.client.ResponseException: method [PUT], host [http://172.16.90.231:9200], URI [/_snapshot/snapshot_es_back_up?master_timeout=30s&timeout=30s], status line [HTTP/1.1 500 Internal Server Error]
{"error":{"root_cause":[{"type":"exception","reason":"failed to create blob container"}],"type":"repository_verification_exception","reason":"[snapshot_es_back_up] path  is not accessible on master node","caused_by":{"type":"exception","reason":"failed to create blob container","caused_by":{"type":"access_denied_exception","reason":"/backup/es_backup/tests-04PeEJY4SS20HwKv6NAB_A"}}},"status":500}
		at org.elasticsearch.client.RestClient.convertResponse(RestClient.java:326) ~[elasticsearch-rest-client-7.15.2.jar:7.15.2]
		at org.elasticsearch.client.RestClient.access$1800(RestClient.java:105) ~[elasticsearch-rest-client-7.15.2.jar:7.15.2]
		at org.elasticsearch.client.RestClient$1.completed(RestClient.java:374) ~[elasticsearch-rest-client-7.15.2.jar:7.15.2]
		... 16 common frames omitted
Caused by: org.elasticsearch.ElasticsearchException: Elasticsearch exception [type=exception, reason=failed to create blob container]
	at org.elasticsearch.ElasticsearchException.innerFromXContent(ElasticsearchException.java:496) ~[elasticsearch-7.9.3.jar:7.9.3]
	at org.elasticsearch.ElasticsearchException.fromXContent(ElasticsearchException.java:407) ~[elasticsearch-7.9.3.jar:7.9.3]
	at org.elasticsearch.ElasticsearchException.innerFromXContent(ElasticsearchException.java:437) ~[elasticsearch-7.9.3.jar:7.9.3]
	at org.elasticsearch.ElasticsearchException.failureFromXContent(ElasticsearchException.java:603) ~[elasticsearch-7.9.3.jar:7.9.3]
	at org.elasticsearch.rest.BytesRestResponse.errorFromXContent(BytesRestResponse.java:179) ~[elasticsearch-7.9.3.jar:7.9.3]
	... 21 common frames omitted
Caused by: org.elasticsearch.ElasticsearchException: Elasticsearch exception [type=access_denied_exception, reason=/backup/es_backup/tests-04PeEJY4SS20HwKv6NAB_A]
	at org.elasticsearch.ElasticsearchException.innerFromXContent(ElasticsearchException.java:496) ~[elasticsearch-7.9.3.jar:7.9.3]
	at org.elasticsearch.ElasticsearchException.fromXContent(ElasticsearchException.java:407) ~[elasticsearch-7.9.3.jar:7.9.3]
	at org.elasticsearch.ElasticsearchException.innerFromXContent(ElasticsearchException.java:437) ~[elasticsearch-7.9.3.jar:7.9.3]
	... 25 common frames omitted

